<?xml version="1.0" encoding="UTF-8"?>
<testsuite xmlns:xsi="http://www.w3.org/2001/XMLSchema-instance" xsi:noNamespaceSchemaLocation="https://maven.apache.org/surefire/maven-surefire-plugin/xsd/surefire-test-report-3.0.xsd" version="3.0" name="tn.esprit.tpfoyer.FoyerServiceImplJUnitTest" time="9.721" tests="6" errors="0" skipped="0" failures="0">
  <properties>
[...]
</properties>
  <testcase name="testModifyFoyer" classname="tn.esprit.tpfoyer.FoyerServiceImplJUnitTest" time="0.864">
    <system-out><![CDATA[15:48:46.599 [main] INFO org.springframework.test.context.support.AnnotationConfigContextLoaderUtils -- Could not detect default configuration classes for test class [tn.esprit.tpfoyer.FoyerServiceImplJUnitTest]: FoyerServiceImplJUnitTest does not declare any static, non-private, non-final, nested classes annotated with @Configuration.
15:48:46.801 [main] INFO org.springframework.boot.test.context.SpringBootTestContextBootstrapper -- Found @SpringBootConfiguration tn.esprit.tpfoyer.TpFoyerApplication for test class tn.esprit.tpfoyer.FoyerServiceImplJUnitTest

  .   ____          _            __ _ _
 /\\ / ___'_ __ _ _(_)_ __  __ _ \ \ \ \
( ( )\___ | '_ | '_| | '_ \/ _` | \ \ \ \
 \\/  ___)| |_)| | | | | || (_| |  ) ) ) )
  '  |____| .__|_| |_|_| |_\__, | / / / /
 =========|_|==============|___/=/_/_/_/

 :: Spring Boot ::                (v3.3.4)

2024-11-07T15:48:47.417+01:00  INFO 35844 --- [           main] t.e.tpfoyer.FoyerServiceImplJUnitTest    : Starting FoyerServiceImplJUnitTest using Java 17.0.8 with PID 35844 (started by Aroua-PC in C:\Users\Aroua-PC\Desktop\devops)
2024-11-07T15:48:47.420+01:00  INFO 35844 --- [           main] t.e.tpfoyer.FoyerServiceImplJUnitTest    : The following 1 profile is active: "test"
2024-11-07T15:48:48.370+01:00  INFO 35844 --- [           main] .s.d.r.c.RepositoryConfigurationDelegate : Bootstrapping Spring Data JPA repositories in DEFAULT mode.
2024-11-07T15:48:48.450+01:00  INFO 35844 --- [           main] .s.d.r.c.RepositoryConfigurationDelegate : Finished Spring Data repository scanning in 70 ms. Found 6 JPA repository interfaces.
2024-11-07T15:48:49.460+01:00  INFO 35844 --- [           main] o.hibernate.jpa.internal.util.LogHelper  : HHH000204: Processing PersistenceUnitInfo [name: default]
2024-11-07T15:48:49.540+01:00  INFO 35844 --- [           main] org.hibernate.Version                    : HHH000412: Hibernate ORM core version 6.5.3.Final
2024-11-07T15:48:49.589+01:00  INFO 35844 --- [           main] o.h.c.internal.RegionFactoryInitiator    : HHH000026: Second-level cache disabled
2024-11-07T15:48:50.094+01:00  INFO 35844 --- [           main] o.s.o.j.p.SpringPersistenceUnitInfo      : No LoadTimeWeaver setup: ignoring JPA class transformer
2024-11-07T15:48:50.136+01:00  INFO 35844 --- [           main] com.zaxxer.hikari.HikariDataSource       : HikariPool-1 - Starting...
2024-11-07T15:48:50.494+01:00  INFO 35844 --- [           main] com.zaxxer.hikari.pool.HikariPool        : HikariPool-1 - Added connection conn0: url=jdbc:h2:mem:testdb user=SA
2024-11-07T15:48:50.497+01:00  INFO 35844 --- [           main] com.zaxxer.hikari.HikariDataSource       : HikariPool-1 - Start completed.
2024-11-07T15:48:52.034+01:00  INFO 35844 --- [           main] o.h.e.t.j.p.i.JtaPlatformInitiator       : HHH000489: No JTA platform available (set 'hibernate.transaction.jta.platform' to enable JTA platform integration)
Hibernate: drop table if exists bloc cascade 
Hibernate: drop table if exists chambre cascade 
Hibernate: drop table if exists chambre_reservations cascade 
Hibernate: drop table if exists etudiant cascade 
Hibernate: drop table if exists foyer cascade 
Hibernate: drop table if exists reservation cascade 
Hibernate: drop table if exists reservation_etudiants cascade 
Hibernate: drop table if exists universite cascade 
Hibernate: create table bloc (capacite_bloc bigint not null, foyer_id_foyer bigint, id_bloc bigint generated by default as identity, nom_bloc varchar(255), primary key (id_bloc))
Hibernate: create table chambre (bloc_id_bloc bigint, id_chambre bigint generated by default as identity, numero_chambre bigint not null, typec enum ('DOUBLE','SIMPLE','TRIPLE'), primary key (id_chambre))
Hibernate: create table chambre_reservations (chambre_id_chambre bigint not null, reservations_id_reservation varchar(255) not null unique, primary key (chambre_id_chambre, reservations_id_reservation))
Hibernate: create table etudiant (cin_etudiant bigint not null, date_naissance timestamp(6), id_etudiant bigint generated by default as identity, nom_etudiant varchar(255), prenom_etudiant varchar(255), primary key (id_etudiant))
Hibernate: create table foyer (capacite_foyer bigint not null, id_foyer bigint generated by default as identity, nom_foyer varchar(255), primary key (id_foyer))
Hibernate: create table reservation (est_valide boolean not null, annee_universitaire timestamp(6), id_reservation varchar(255) not null, primary key (id_reservation))
Hibernate: create table reservation_etudiants (etudiants_id_etudiant bigint not null, reservations_id_reservation varchar(255) not null, primary key (etudiants_id_etudiant, reservations_id_reservation))
Hibernate: create table universite (foyer_id_foyer bigint unique, id_universite bigint generated by default as identity, adresse varchar(255), nom_universite varchar(255), primary key (id_universite))
Hibernate: alter table if exists bloc add constraint FKrlx3b5jtde0ftmmrcqbifn0pt foreign key (foyer_id_foyer) references foyer
Hibernate: alter table if exists chambre add constraint FKe3jmwbj3ohvcd61fqhgivoe9j foreign key (bloc_id_bloc) references bloc
Hibernate: alter table if exists chambre_reservations add constraint FKhx2j8u5cpdmo8pptjvnsjqwma foreign key (reservations_id_reservation) references reservation
Hibernate: alter table if exists chambre_reservations add constraint FKqy33yndadmosa4l31qk6v3vm2 foreign key (chambre_id_chambre) references chambre
Hibernate: alter table if exists reservation_etudiants add constraint FK53dc9htdv7ne29h80i08urcqv foreign key (etudiants_id_etudiant) references etudiant
Hibernate: alter table if exists reservation_etudiants add constraint FKr9q9iw0kkhggmvjpnlv00h385 foreign key (reservations_id_reservation) references reservation
Hibernate: alter table if exists universite add constraint FK2b4r95emuv9ea1064hjqxpqq foreign key (foyer_id_foyer) references foyer
2024-11-07T15:48:52.129+01:00  INFO 35844 --- [           main] j.LocalContainerEntityManagerFactoryBean : Initialized JPA EntityManagerFactory for persistence unit 'default'
2024-11-07T15:48:52.901+01:00  INFO 35844 --- [           main] o.s.d.j.r.query.QueryEnhancerFactory     : Hibernate is in classpath; If applicable, HQL parser will be used.
2024-11-07T15:48:54.026+01:00  WARN 35844 --- [           main] JpaBaseConfiguration$JpaWebConfiguration : spring.jpa.open-in-view is enabled by default. Therefore, database queries may be performed during view rendering. Explicitly configure spring.jpa.open-in-view to disable this warning
2024-11-07T15:48:54.791+01:00  INFO 35844 --- [           main] o.s.b.a.h2.H2ConsoleAutoConfiguration    : H2 console available at '/h2-console'. Database available at 'jdbc:h2:mem:testdb'
2024-11-07T15:48:54.938+01:00  INFO 35844 --- [           main] t.e.tpfoyer.FoyerServiceImplJUnitTest    : Started FoyerServiceImplJUnitTest in 7.895 seconds (process running for 9.601)
2024-11-07T15:48:54.951+01:00  INFO 35844 --- [   scheduling-1] tn.esprit.tpfoyer.config.ConfigAOP       : In Metod AOP : retrieveAllBlocs
Hibernate: select b1_0.id_bloc,b1_0.capacite_bloc,b1_0.foyer_id_foyer,b1_0.nom_bloc from bloc b1_0
2024-11-07T15:48:55.153+01:00  INFO 35844 --- [   scheduling-1] t.e.tpfoyer.service.BlocServiceImpl      : taille totale : 0
2024-11-07T15:48:55.155+01:00  INFO 35844 --- [   scheduling-1] tn.esprit.tpfoyer.config.ConfigAOP       : Methodexecutiontime: 203 milliseconds.
Hibernate: select f1_0.id_foyer,f1_0.capacite_foyer,f1_0.nom_foyer from foyer f1_0
Hibernate: insert into foyer (capacite_foyer,nom_foyer,id_foyer) values (?,?,default)
2024-11-07T15:48:55.787+01:00  INFO 35844 --- [           main] tn.esprit.tpfoyer.config.ConfigAOP       : In Metod AOP : modifyFoyer
2024-11-07T15:48:55.797+01:00  INFO 35844 --- [           main] tn.esprit.tpfoyer.config.ConfigAOP       : Methodexecutiontime: 10 milliseconds.
]]></system-out>
  </testcase>
  <testcase name="testRemoveFoyer" classname="tn.esprit.tpfoyer.FoyerServiceImplJUnitTest" time="0.04">
    <system-out><![CDATA[Hibernate: select f1_0.id_foyer,f1_0.capacite_foyer,f1_0.nom_foyer from foyer f1_0
Hibernate: insert into foyer (capacite_foyer,nom_foyer,id_foyer) values (?,?,default)
2024-11-07T15:48:55.844+01:00  INFO 35844 --- [           main] tn.esprit.tpfoyer.config.ConfigAOP       : In Metod AOP : removeFoyer
2024-11-07T15:48:55.871+01:00  INFO 35844 --- [           main] tn.esprit.tpfoyer.config.ConfigAOP       : Methodexecutiontime: 27 milliseconds.
]]></system-out>
  </testcase>
  <testcase name="testRetrieveFoyer" classname="tn.esprit.tpfoyer.FoyerServiceImplJUnitTest" time="0.01">
    <system-out><![CDATA[Hibernate: select f1_0.id_foyer,f1_0.capacite_foyer,f1_0.nom_foyer from foyer f1_0
Hibernate: insert into foyer (capacite_foyer,nom_foyer,id_foyer) values (?,?,default)
2024-11-07T15:48:55.883+01:00  INFO 35844 --- [           main] tn.esprit.tpfoyer.config.ConfigAOP       : In Metod AOP : retrieveFoyer
2024-11-07T15:48:55.884+01:00  INFO 35844 --- [           main] tn.esprit.tpfoyer.config.ConfigAOP       : Methodexecutiontime: 1 milliseconds.
]]></system-out>
  </testcase>
  <testcase name="testRetrieveAllFoyers" classname="tn.esprit.tpfoyer.FoyerServiceImplJUnitTest" time="0.034">
    <system-out><![CDATA[Hibernate: select f1_0.id_foyer,f1_0.capacite_foyer,f1_0.nom_foyer from foyer f1_0
Hibernate: insert into foyer (capacite_foyer,nom_foyer,id_foyer) values (?,?,default)
Hibernate: insert into foyer (capacite_foyer,nom_foyer,id_foyer) values (?,?,default)
2024-11-07T15:48:55.894+01:00  INFO 35844 --- [           main] tn.esprit.tpfoyer.config.ConfigAOP       : In Metod AOP : retrieveAllFoyers
Hibernate: select f1_0.id_foyer,f1_0.capacite_foyer,f1_0.nom_foyer from foyer f1_0
2024-11-07T15:48:55.918+01:00  INFO 35844 --- [           main] tn.esprit.tpfoyer.config.ConfigAOP       : Methodexecutiontime: 24 milliseconds.
]]></system-out>
  </testcase>
  <testcase name="testAddFoyer" classname="tn.esprit.tpfoyer.FoyerServiceImplJUnitTest" time="0.009">
    <system-out><![CDATA[Hibernate: select f1_0.id_foyer,f1_0.capacite_foyer,f1_0.nom_foyer from foyer f1_0
2024-11-07T15:48:55.926+01:00  INFO 35844 --- [           main] tn.esprit.tpfoyer.config.ConfigAOP       : In Metod AOP : addFoyer
Hibernate: insert into foyer (capacite_foyer,nom_foyer,id_foyer) values (?,?,default)
2024-11-07T15:48:55.929+01:00  INFO 35844 --- [           main] tn.esprit.tpfoyer.config.ConfigAOP       : Execution Réussie ! 
2024-11-07T15:48:55.929+01:00  INFO 35844 --- [           main] tn.esprit.tpfoyer.config.ConfigAOP       : Methodexecutiontime: 3 milliseconds.
]]></system-out>
  </testcase>
  <testcase name="testRetrieveFoyer_notFound" classname="tn.esprit.tpfoyer.FoyerServiceImplJUnitTest" time="0.024">
    <system-out><![CDATA[Hibernate: select f1_0.id_foyer,f1_0.capacite_foyer,f1_0.nom_foyer from foyer f1_0
2024-11-07T15:48:55.938+01:00  INFO 35844 --- [           main] tn.esprit.tpfoyer.config.ConfigAOP       : In Metod AOP : retrieveFoyer
Hibernate: select f1_0.id_foyer,f1_0.capacite_foyer,f1_0.nom_foyer,u1_0.id_universite,u1_0.adresse,u1_0.nom_universite from foyer f1_0 left join universite u1_0 on f1_0.id_foyer=u1_0.foyer_id_foyer where f1_0.id_foyer=?
]]></system-out>
  </testcase>
</testsuite>